<?xml version="1.0" encoding="UTF-8"?>
<testsuite name="test" tests="2" skipped="0" failures="0" errors="0" timestamp="2022-01-05T09:27:00" hostname="LAPTOP-FVR1UO7G" time="0.027">
  <properties/>
  <testcase name="TestEquivalencePartitioning()" classname="test" time="0.025"/>
  <testcase name="TestboundaryValue()" classname="test" time="0.001"/>
  <system-out><![CDATA[]]></system-out>
  <system-err><![CDATA[]]></system-err>
</testsuite>
